[2025-08-18T22:27:13.382Z] Starting Ukrainian losses scraping...
[2025-08-18T22:27:13.851Z] Scraping failed: page.setUserAgent is not a function
[2025-08-18T22:28:33.598Z] Starting Ukrainian losses scraping...
[2025-08-18T22:28:40.383Z] Found 2 total pages
[2025-08-18T22:28:40.384Z] Will scrape 2 pages: 1, 2
[2025-08-18T22:28:45.078Z] Page 1: Found 98 entries (Total: 98)
[2025-08-18T22:28:50.564Z] Page 2: Found 95 entries (Total: 193)
[2025-08-18T22:28:51.584Z] Scraping completed: 193 entries from 2 pages
[2025-08-18T22:28:51.586Z] Results cached to scraping-result-2025-08-18T22-28-51-585Z.json
[2025-08-18T22:28:51.624Z] Scaling factor: 827.56 (158892 / 192)
[2025-08-18T22:30:36.590Z] Starting Ukrainian losses scraping...
[2025-08-18T22:30:39.295Z] Found 2 total pages
[2025-08-18T22:30:39.296Z] Will scrape 2 pages: 1, 2
[2025-08-18T22:30:41.149Z] Page 1: Found 98 entries (Total: 98)
[2025-08-18T22:30:45.003Z] Page 2: Found 95 entries (Total: 193)
[2025-08-18T22:30:47.014Z] Scraping completed: 193 entries from 2 pages
[2025-08-18T22:30:47.016Z] Results cached to scraping-result-2025-08-18T22-30-47-015Z.json
[2025-08-18T22:30:47.048Z] Scaling factor: 827.56 (158892 / 192)
[2025-08-18T22:51:09.015Z] Starting Ukrainian losses scraping...
[2025-08-18T22:51:11.405Z] Found 2 total pages
[2025-08-18T22:51:11.406Z] Will scrape 2 pages: 1, 2
[2025-08-18T22:51:13.226Z] Page 1: Found 98 entries (Total: 98)
[2025-08-18T22:51:17.099Z] Page 2: Found 95 entries (Total: 193)
[2025-08-18T22:51:19.122Z] Scraping completed: 193 entries from 2 pages
[2025-08-18T22:51:19.124Z] Results cached to scraping-result-2025-08-18T22-51-19-123Z.json
[2025-08-18T22:51:19.149Z] Scaling factor: 827.56 (158892 / 192)
[2025-08-18T23:38:37.193Z] Starting Ukrainian losses scraping...
[2025-08-18T23:38:39.666Z] Found 2 total pages
[2025-08-18T23:38:39.666Z] Will scrape 2 pages: 1, 2
[2025-08-18T23:38:41.528Z] Page 1: Found 98 entries (Total: 98)
[2025-08-18T23:38:45.376Z] Page 2: Found 95 entries (Total: 193)
[2025-08-18T23:38:47.397Z] Scraping completed: 193 entries from 2 pages
[2025-08-18T23:38:47.399Z] Results cached to scraping-result-2025-08-18T23-38-47-398Z.json
[2025-08-18T23:38:47.426Z] Scaling factor: 827.56 (158892 / 192)
